app/build/intermediates/manifest_merge_blame_file/release/manifest-merger-blame-release-report.txt
1<?xml version="1.0" encoding="utf-8"?>
2<manifest xmlns:android="http://schemas.android.com/apk/res/android"
3    package="com.homniserv.moueza.peter.topquizTrial"
4    android:versionCode="1"
5    android:versionName="1.0" >
6
7    <uses-sdk
8        android:minSdkVersion="15"
8-->src/main/AndroidManifest.xml
9        android:targetSdkVersion="29" />
9-->src/main/AndroidManifest.xml
10
11    <application
11-->src/main/AndroidManifest.xml:5:1-24:15
12        android:allowBackup="true"
12-->src/main/AndroidManifest.xml:6:5-31
13        android:appComponentFactory="android.support.v4.app.CoreComponentFactory"
13-->[com.android.support:support-compat:28.0.0] AndroidManifest.xml:22:18-91
14        android:icon="@mipmap/ic_launcher"
14-->src/main/AndroidManifest.xml:7:5-39
15        android:label="@string/app_name"
15-->src/main/AndroidManifest.xml:8:5-37
16        android:roundIcon="@mipmap/ic_launcher_round"
16-->src/main/AndroidManifest.xml:9:5-50
17        android:supportsRtl="true"
17-->src/main/AndroidManifest.xml:10:5-31
18        android:theme="@style/AppTheme" >
18-->src/main/AndroidManifest.xml:11:5-36
19        <activity android:name="mypack.controller.MainActivity" >
19-->src/main/AndroidManifest.xml:12:5-18:16
19-->src/main/AndroidManifest.xml:12:15-54
20            <intent-filter>
20-->src/main/AndroidManifest.xml:13:9-17:25
21                <action android:name="android.intent.action.MAIN" />
21-->src/main/AndroidManifest.xml:14:13-65
21-->src/main/AndroidManifest.xml:14:21-62
22
23                <category android:name="android.intent.category.LAUNCHER" />
23-->src/main/AndroidManifest.xml:16:13-73
23-->src/main/AndroidManifest.xml:16:23-70
24            </intent-filter>
25        </activity>
26        <activity android:name="mypack.controller.GameActivity" >
26-->src/main/AndroidManifest.xml:20:5-22:16
26-->src/main/AndroidManifest.xml:20:15-54
27        </activity>
28    </application>
29
30</manifest>